<?xml version="1.0" encoding="UTF-8"?>
<!-- Generated by org.testng.reporters.JUnitXMLReporter -->
<testsuite hostname="LAPTOP-7HUNRUID" ignored="0" name="Surefire test" tests="2" failures="0" timestamp="2020-04-19T18:49:25 BST" time="63.816" errors="0">
  <testcase name="verifyThatUserIsAbletoNavigateToYourAccountPage" time="10.792" classname="org.uk.wcht.testsuite.MyAccountPageTest"/>
  <testcase name="verifyThatUserisAbletoNavigatetoLoginPageThruMyAccountPage" time="11.44" classname="org.uk.wcht.testsuite.RegisterPageTest"/>
</testsuite> <!-- Surefire test -->
